This is pdfTeX, Version 3.141592653-2.6-1.40.24 (TeX Live 2022) (preloaded format=pdflatex 2022.4.26)  27 APR 2022 19:20
entering extended mode
 restricted \write18 enabled.
 %&-line parsing enabled.
**rapport.tex
(./rapport.tex
LaTeX2e <2021-11-15> patch level 1
L3 programming layer <2022-04-20>
(c:/texlive/2022/texmf-dist/tex/latex/base/article.cls
Document Class: article 2021/10/04 v1.4n Standard LaTeX document class
(c:/texlive/2022/texmf-dist/tex/latex/base/size10.clo
File: size10.clo 2021/10/04 v1.4n Standard LaTeX file (size option)
)
\c@part=\count185
\c@section=\count186
\c@subsection=\count187
\c@subsubsection=\count188
\c@paragraph=\count189
\c@subparagraph=\count190
\c@figure=\count191
\c@table=\count192
\abovecaptionskip=\skip47
\belowcaptionskip=\skip48
\bibindent=\dimen138
)
(c:/texlive/2022/texmf-dist/tex/latex/base/inputenc.sty
Package: inputenc 2021/02/14 v1.3d Input encoding file
\inpenc@prehook=\toks16
\inpenc@posthook=\toks17
)
(c:/texlive/2022/texmf-dist/tex/latex/graphics/graphicx.sty
Package: graphicx 2021/09/16 v1.2d Enhanced LaTeX Graphics (DPC,SPQR)

(c:/texlive/2022/texmf-dist/tex/latex/graphics/keyval.sty
Package: keyval 2014/10/28 v1.15 key=value parser (DPC)
\KV@toks@=\toks18
)
(c:/texlive/2022/texmf-dist/tex/latex/graphics/graphics.sty
Package: graphics 2021/03/04 v1.4d Standard LaTeX Graphics (DPC,SPQR)

(c:/texlive/2022/texmf-dist/tex/latex/graphics/trig.sty
Package: trig 2021/08/11 v1.11 sin cos tan (DPC)
)
(c:/texlive/2022/texmf-dist/tex/latex/graphics-cfg/graphics.cfg
File: graphics.cfg 2016/06/04 v1.11 sample graphics configuration
)
Package graphics Info: Driver file: pdftex.def on input line 107.

(c:/texlive/2022/texmf-dist/tex/latex/graphics-def/pdftex.def
File: pdftex.def 2020/10/05 v1.2a Graphics/color driver for pdftex
))
\Gin@req@height=\dimen139
\Gin@req@width=\dimen140
)
(c:/texlive/2022/texmf-dist/tex/latex/wrapfig/wrapfig.sty
\wrapoverhang=\dimen141
\WF@size=\dimen142
\c@WF@wrappedlines=\count193
\WF@box=\box50
\WF@everypar=\toks19
Package: wrapfig 2003/01/31  v 3.6
)
(c:/texlive/2022/texmf-dist/tex/latex/lipsum/lipsum.sty
(c:/texlive/2022/texmf-dist/tex/latex/l3packages/l3keys2e/l3keys2e.sty
(c:/texlive/2022/texmf-dist/tex/latex/l3kernel/expl3.sty
Package: expl3 2022-04-20 L3 programming layer (loader) 

(c:/texlive/2022/texmf-dist/tex/latex/l3backend/l3backend-pdftex.def
File: l3backend-pdftex.def 2022-04-20 L3 backend support: PDF output (pdfTeX)
\l__color_backend_stack_int=\count194
\l__pdf_internal_box=\box51
))
Package: l3keys2e 2022-01-12 LaTeX2e option processing using LaTeX3 keys
)
Package: lipsum 2021-09-20 v2.7 150 paragraphs of Lorem Ipsum dummy text
\g__lipsum_par_int=\count195
\l__lipsum_a_int=\count196
\l__lipsum_b_int=\count197

(c:/texlive/2022/texmf-dist/tex/latex/lipsum/lipsum.ltd.tex))
(c:/texlive/2022/texmf-dist/tex/latex/amsfonts/amssymb.sty
Package: amssymb 2013/01/14 v3.01 AMS font symbols

(c:/texlive/2022/texmf-dist/tex/latex/amsfonts/amsfonts.sty
Package: amsfonts 2013/01/14 v3.01 Basic AMSFonts support
\@emptytoks=\toks20
\symAMSa=\mathgroup4
\symAMSb=\mathgroup5
LaTeX Font Info:    Redeclaring math symbol \hbar on input line 98.
LaTeX Font Info:    Overwriting math alphabet `\mathfrak' in version `bold'
(Font)                  U/euf/m/n --> U/euf/b/n on input line 106.
))
(c:/texlive/2022/texmf-dist/tex/latex/amsmath/amsmath.sty
Package: amsmath 2021/10/15 v2.17l AMS math features
\@mathmargin=\skip49

For additional information on amsmath, use the `?' option.
(c:/texlive/2022/texmf-dist/tex/latex/amsmath/amstext.sty
Package: amstext 2021/08/26 v2.01 AMS text

(c:/texlive/2022/texmf-dist/tex/latex/amsmath/amsgen.sty
File: amsgen.sty 1999/11/30 v2.0 generic functions
\@emptytoks=\toks21
\ex@=\dimen143
))
(c:/texlive/2022/texmf-dist/tex/latex/amsmath/amsbsy.sty
Package: amsbsy 1999/11/29 v1.2d Bold Symbols
\pmbraise@=\dimen144
)
(c:/texlive/2022/texmf-dist/tex/latex/amsmath/amsopn.sty
Package: amsopn 2021/08/26 v2.02 operator names
)
\inf@bad=\count198
LaTeX Info: Redefining \frac on input line 234.
\uproot@=\count199
\leftroot@=\count266
LaTeX Info: Redefining \overline on input line 399.
\classnum@=\count267
\DOTSCASE@=\count268
LaTeX Info: Redefining \ldots on input line 496.
LaTeX Info: Redefining \dots on input line 499.
LaTeX Info: Redefining \cdots on input line 620.
\Mathstrutbox@=\box52
\strutbox@=\box53
\big@size=\dimen145
LaTeX Font Info:    Redeclaring font encoding OML on input line 743.
LaTeX Font Info:    Redeclaring font encoding OMS on input line 744.
\macc@depth=\count269
\c@MaxMatrixCols=\count270
\dotsspace@=\muskip16
\c@parentequation=\count271
\dspbrk@lvl=\count272
\tag@help=\toks22
\row@=\count273
\column@=\count274
\maxfields@=\count275
\andhelp@=\toks23
\eqnshift@=\dimen146
\alignsep@=\dimen147
\tagshift@=\dimen148
\tagwidth@=\dimen149
\totwidth@=\dimen150
\lineht@=\dimen151
\@envbody=\toks24
\multlinegap=\skip50
\multlinetaggap=\skip51
\mathdisplay@stack=\toks25
LaTeX Info: Redefining \[ on input line 2938.
LaTeX Info: Redefining \] on input line 2939.
)
(c:/texlive/2022/texmf-dist/tex/latex/subfigure/subfigure.sty
Package: subfigure 2002/03/15 v2.1.5 subfigure package
\subfigtopskip=\skip52
\subfigcapskip=\skip53
\subfigcaptopadj=\dimen152
\subfigbottomskip=\skip54
\subfigcapmargin=\dimen153
\subfiglabelskip=\skip55
\c@subfigure=\count276
\c@lofdepth=\count277
\c@subtable=\count278
\c@lotdepth=\count279

****************************************
* Local config file subfigure.cfg used *
****************************************
(c:/texlive/2022/texmf-dist/tex/latex/subfigure/subfigure.cfg)
\subfig@top=\skip56
\subfig@bottom=\skip57
)
(c:/texlive/2022/texmf-dist/tex/latex/geometry/geometry.sty
Package: geometry 2020/01/02 v5.9 Page Geometry

(c:/texlive/2022/texmf-dist/tex/generic/iftex/ifvtex.sty
Package: ifvtex 2019/10/25 v1.7 ifvtex legacy package. Use iftex instead.

(c:/texlive/2022/texmf-dist/tex/generic/iftex/iftex.sty
Package: iftex 2022/02/03 v1.0f TeX engine tests
))
\Gm@cnth=\count280
\Gm@cntv=\count281
\c@Gm@tempcnt=\count282
\Gm@bindingoffset=\dimen154
\Gm@wd@mp=\dimen155
\Gm@odd@mp=\dimen156
\Gm@even@mp=\dimen157
\Gm@layoutwidth=\dimen158
\Gm@layoutheight=\dimen159
\Gm@layouthoffset=\dimen160
\Gm@layoutvoffset=\dimen161
\Gm@dimlist=\toks26
) (./rapport.aux

LaTeX Warning: Label `linspring' multiply defined.


LaTeX Warning: Label `linspring' multiply defined.


LaTeX Warning: Label `linspring' multiply defined.


LaTeX Warning: Label `linspring' multiply defined.

)
\openout1 = `rapport.aux'.

LaTeX Font Info:    Checking defaults for OML/cmm/m/it on input line 25.
LaTeX Font Info:    ... okay on input line 25.
LaTeX Font Info:    Checking defaults for OMS/cmsy/m/n on input line 25.
LaTeX Font Info:    ... okay on input line 25.
LaTeX Font Info:    Checking defaults for OT1/cmr/m/n on input line 25.
LaTeX Font Info:    ... okay on input line 25.
LaTeX Font Info:    Checking defaults for T1/cmr/m/n on input line 25.
LaTeX Font Info:    ... okay on input line 25.
LaTeX Font Info:    Checking defaults for TS1/cmr/m/n on input line 25.
LaTeX Font Info:    ... okay on input line 25.
LaTeX Font Info:    Checking defaults for OMX/cmex/m/n on input line 25.
LaTeX Font Info:    ... okay on input line 25.
LaTeX Font Info:    Checking defaults for U/cmr/m/n on input line 25.
LaTeX Font Info:    ... okay on input line 25.
 (c:/texlive/2022/texmf-dist/tex/context/base/mkii/supp-pdf.mkii
[Loading MPS to PDF converter (version 2006.09.02).]
\scratchcounter=\count283
\scratchdimen=\dimen162
\scratchbox=\box54
\nofMPsegments=\count284
\nofMParguments=\count285
\everyMPshowfont=\toks27
\MPscratchCnt=\count286
\MPscratchDim=\dimen163
\MPnumerator=\count287
\makeMPintoPDFobject=\count288
\everyMPtoPDFconversion=\toks28
) (c:/texlive/2022/texmf-dist/tex/latex/epstopdf-pkg/epstopdf-base.sty
Package: epstopdf-base 2020-01-24 v2.11 Base part for package epstopdf
Package epstopdf-base Info: Redefining graphics rule for `.eps' on input line 4
85.

(c:/texlive/2022/texmf-dist/tex/latex/latexconfig/epstopdf-sys.cfg
File: epstopdf-sys.cfg 2010/07/13 v1.3 Configuration of (r)epstopdf for TeX Liv
e
))
*geometry* driver: auto-detecting
*geometry* detected driver: pdftex
*geometry* verbose mode - [ preamble ] result:
* driver: pdftex
* paper: a4paper
* layout: <same size as paper>
* layoutoffset:(h,v)=(0.0pt,0.0pt)
* modes: 
* h-part:(L,W,R)=(56.9055pt, 483.69684pt, 56.90553pt)
* v-part:(T,H,B)=(56.9055pt, 731.23582pt, 56.90552pt)
* \paperwidth=597.50787pt
* \paperheight=845.04684pt
* \textwidth=483.69684pt
* \textheight=731.23582pt
* \oddsidemargin=-15.36449pt
* \evensidemargin=-15.36449pt
* \topmargin=-52.36449pt
* \headheight=12.0pt
* \headsep=25.0pt
* \topskip=10.0pt
* \footskip=30.0pt
* \marginparwidth=65.0pt
* \marginparsep=11.0pt
* \columnsep=10.0pt
* \skip\footins=9.0pt plus 4.0pt minus 2.0pt
* \hoffset=0.0pt
* \voffset=0.0pt
* \mag=1000
* \@twocolumnfalse
* \@twosidefalse
* \@mparswitchfalse
* \@reversemarginfalse
* (1in=72.27pt=25.4mm, 1cm=28.453pt)

<graphes/fig1.png, id=1, 903.375pt x 501.875pt>
File: graphes/fig1.png Graphic file (type png)
<use graphes/fig1.png>
Package pdftex.def Info: graphes/fig1.png  used on input line 29.
(pdftex.def)             Requested size: 361.3436pt x 200.74643pt.
LaTeX Font Info:    Trying to load font information for U+msa on input line 31.

(c:/texlive/2022/texmf-dist/tex/latex/amsfonts/umsa.fd
File: umsa.fd 2013/01/14 v3.01 AMS symbols A
)
LaTeX Font Info:    Trying to load font information for U+msb on input line 31.


(c:/texlive/2022/texmf-dist/tex/latex/amsfonts/umsb.fd
File: umsb.fd 2013/01/14 v3.01 AMS symbols B
)
<graphes/Courbe_de_Hubbert_Data.png, id=2, 361.35pt x 289.08pt>
File: graphes/Courbe_de_Hubbert_Data.png Graphic file (type png)
<use graphes/Courbe_de_Hubbert_Data.png>
Package pdftex.def Info: graphes/Courbe_de_Hubbert_Data.png  used on input line
 34.
(pdftex.def)             Requested size: 361.34912pt x 289.07928pt.
 [1

{c:/texlive/2022/texmf-var/fonts/map/pdftex/updmap/pdftex.map} <./graphes/fig1.
png> <./graphes/Courbe_de_Hubbert_Data.png>] (./rapport.toc)
\tf@toc=\write3
\openout3 = `rapport.toc'.

 [2]
<graphes/Production.png, id=20, 361.35pt x 289.08pt>
File: graphes/Production.png Graphic file (type png)
<use graphes/Production.png>
Package pdftex.def Info: graphes/Production.png  used on input line 57.
(pdftex.def)             Requested size: 156.49014pt x 125.193pt.
<graphes/DataEtHubbert.png, id=21, 361.35pt x 289.08pt>
File: graphes/DataEtHubbert.png Graphic file (type png)
<use graphes/DataEtHubbert.png>
Package pdftex.def Info: graphes/DataEtHubbert.png  used on input line 58.
(pdftex.def)             Requested size: 156.49014pt x 125.193pt.

Underfull \hbox (badness 3735) in paragraph at lines 60--63
[]$ \OT1/cmr/m/n/10 En 1956, Mar-ion King Hub-bert pr^^Sesentait sa "courbe de
 []


Underfull \hbox (badness 3396) in paragraph at lines 60--63
\OT1/cmr/m/n/10 Hub-bert" ^^Ra l'American Petroleum In-sti-tute. Son mod^^Rele,
 qui
 []


Underfull \hbox (badness 5302) in paragraph at lines 60--63
\OT1/cmr/m/n/10 pos-tule que la pro-duc-tion croit, at-teint un unique pic, pui
s
 []


Underfull \hbox (badness 4378) in paragraph at lines 60--63
\OT1/cmr/m/n/10 d^^Secroit au m^eme ry-thme qu'elle a aug-ment^^Se en pre-mier 
lieu,
 []


Underfull \hbox (badness 2237) in paragraph at lines 60--63
\OT1/cmr/m/n/10 ne fit pas beau-coup par-ler de lui ^^Ra l'^^Sepoque. Mais lors
qu'en
 []


Underfull \hbox (badness 4647) in paragraph at lines 60--63
\OT1/cmr/m/n/10 1971, con-form^^Sement ^^Ra ses pr^^Sedictions, la pro-duc-tion
 p^^Setroli^^Rere
 []


Underfull \hbox (badness 2617) in paragraph at lines 60--63
\OT1/cmr/m/n/10 am^^Sericaine at-teignit son max-i-mum et com-men^^Xca ^^Ra d^^
Secliner, ses
 []


Underfull \hbox (badness 10000) in paragraph at lines 60--63

 []


Underfull \hbox (badness 10000) in paragraph at lines 60--63

 []


Underfull \hbox (badness 10000) in paragraph at lines 68--69

 []

<graphes/CourbeHubbert.png, id=22, 361.35pt x 289.08pt>
File: graphes/CourbeHubbert.png Graphic file (type png)
<use graphes/CourbeHubbert.png>
Package pdftex.def Info: graphes/CourbeHubbert.png  used on input line 73.
(pdftex.def)             Requested size: 193.47577pt x 154.78198pt.
<graphes/Sigmoide.png, id=23, 361.35pt x 289.08pt>
File: graphes/Sigmoide.png Graphic file (type png)
<use graphes/Sigmoide.png>
Package pdftex.def Info: graphes/Sigmoide.png  used on input line 74.
(pdftex.def)             Requested size: 193.47577pt x 154.78198pt.

Underfull \hbox (badness 10000) in paragraph at lines 77--78

 []

[3 <./graphes/Production.png> <./graphes/DataEtHubbert.png> <./graphes/CourbeHu
bbert.png> <./graphes/Sigmoide.png>]
File: graphes/CourbeHubbert.png Graphic file (type png)
<use graphes/CourbeHubbert.png>
Package pdftex.def Info: graphes/CourbeHubbert.png  used on input line 91.
(pdftex.def)             Requested size: 193.47577pt x 154.78198pt.

Overfull \hbox (3.95099pt too wide) in paragraph at lines 93--103
\OT1/cmr/m/n/10 (\OML/cmm/m/it/10 S[]; t[]; ^^\\OT1/cmr/m/n/10 )$ per-met de d^
^Sefinir sans am-big^^?uit^^Se la courbe dans la famille param^^Setr^^See. Comm
e le mon-tre l'illustration
 []

File: graphes/Sigmoide.png Graphic file (type png)
<use graphes/Sigmoide.png>
Package pdftex.def Info: graphes/Sigmoide.png  used on input line 116.
(pdftex.def)             Requested size: 193.47577pt x 154.78198pt.
<graphes/Courbe_de_Hubbert_annotée.png, id=31, 361.35pt x 289.08pt>
File: graphes/Courbe_de_Hubbert_annotée.png Graphic file (type png)
<use graphes/Courbe_de_Hubbert_annotée.png>
Package pdftex.def Info: graphes/Courbe_de_Hubbert_annotée.png  used on input 
line 129.
(pdftex.def)             Requested size: 217.6621pt x 174.12862pt.
<graphes/SigmoideAnnotée.png, id=32, 361.35pt x 289.08pt>
File: graphes/SigmoideAnnotée.png Graphic file (type png)
<use graphes/SigmoideAnnotée.png>
Package pdftex.def Info: graphes/SigmoideAnnotée.png  used on input line 130.
(pdftex.def)             Requested size: 217.6621pt x 174.12862pt.

LaTeX Warning: `h' float specifier changed to `ht'.

[4]
Underfull \hbox (badness 10000) in paragraph at lines 145--147

 []


Underfull \hbox (badness 10000) in paragraph at lines 145--147

 []

[5 <./graphes/Courbe_de_Hubbert_annotée.png> <./graphes/SigmoideAnnotée.png>]

LaTeX Font Warning: Command \large invalid in math mode on input line 209.

LaTeX Font Info:    Calculating math sizes for size <> on input line 216.

LaTeX Font Warning: Font shape `OT1/cmr/m/n' in size <> not available
(Font)              size <5> substituted on input line 216.


LaTeX Font Warning: Font shape `OT1/cmr/m/n' in size <0.7> not available
(Font)              size <5> substituted on input line 216.


LaTeX Font Warning: Font shape `OT1/cmr/m/n' in size <0.5> not available
(Font)              size <5> substituted on input line 216.


LaTeX Font Warning: Font shape `OML/cmm/m/it' in size <> not available
(Font)              size <5> substituted on input line 216.


LaTeX Font Warning: Font shape `OML/cmm/m/it' in size <0.7> not available
(Font)              size <5> substituted on input line 216.


LaTeX Font Warning: Font shape `OML/cmm/m/it' in size <0.5> not available
(Font)              size <5> substituted on input line 216.


LaTeX Font Warning: Font shape `OMS/cmsy/m/n' in size <> not available
(Font)              size <5> substituted on input line 216.


LaTeX Font Warning: Font shape `OMS/cmsy/m/n' in size <0.7> not available
(Font)              size <5> substituted on input line 216.


LaTeX Font Warning: Font shape `OMS/cmsy/m/n' in size <0.5> not available
(Font)              size <5> substituted on input line 216.

<graphes/isocurves_Smax.png, id=56, 462.528pt x 346.896pt>
File: graphes/isocurves_Smax.png Graphic file (type png)
<use graphes/isocurves_Smax.png>
Package pdftex.def Info: graphes/isocurves_Smax.png  used on input line 233.
(pdftex.def)             Requested size: 159.62083pt x 119.7163pt.
<graphes/isocurves_ts.png, id=57, 462.528pt x 346.896pt>
File: graphes/isocurves_ts.png Graphic file (type png)
<use graphes/isocurves_ts.png>
Package pdftex.def Info: graphes/isocurves_ts.png  used on input line 234.
(pdftex.def)             Requested size: 159.62083pt x 119.7163pt.
<graphes/isocurves_tau.png, id=58, 462.528pt x 346.896pt>
File: graphes/isocurves_tau.png Graphic file (type png)
<use graphes/isocurves_tau.png>
Package pdftex.def Info: graphes/isocurves_tau.png  used on input line 235.
(pdftex.def)             Requested size: 159.62083pt x 119.7163pt.

LaTeX Warning: `h' float specifier changed to `ht'.


Underfull \hbox (badness 10000) in paragraph at lines 260--265

 []


Underfull \hbox (badness 10000) in paragraph at lines 266--275

 []


Underfull \hbox (badness 10000) in paragraph at lines 266--275

 []


Underfull \hbox (badness 10000) in paragraph at lines 266--275

 []


Underfull \hbox (badness 10000) in paragraph at lines 266--275

 []

[6]
Underfull \hbox (badness 10000) in paragraph at lines 276--277

 []


Underfull \hbox (badness 10000) in paragraph at lines 279--280

 []


Underfull \hbox (badness 10000) in paragraph at lines 281--282

 []


Underfull \hbox (badness 10000) in paragraph at lines 288--290

 []


Underfull \hbox (badness 10000) in paragraph at lines 299--302

 []

[7 <./graphes/isocurves_Smax.png> <./graphes/isocurves_ts.png> <./graphes/isocu
rves_tau.png>]
Underfull \hbox (badness 10000) in paragraph at lines 305--308

 []


Underfull \hbox (badness 10000) in paragraph at lines 313--314

 []

File: graphes/Production.png Graphic file (type png)
<use graphes/Production.png>
Package pdftex.def Info: graphes/Production.png  used on input line 338.
(pdftex.def)             Requested size: 156.49014pt x 125.193pt.

Underfull \hbox (badness 10000) in paragraph at lines 334--341

 []

File: graphes/Production.png Graphic file (type png)
<use graphes/Production.png>
Package pdftex.def Info: graphes/Production.png  used on input line 347.
(pdftex.def)             Requested size: 156.49014pt x 125.193pt.

Underfull \hbox (badness 10000) in paragraph at lines 343--349

 []


LaTeX Warning: `h' float specifier changed to `ht'.

<graphes/performances/perfs_ModelOnGeneratedData_DataQ_100.png, id=74, 722.7pt 
x 578.16pt>
File: graphes/performances/perfs_ModelOnGeneratedData_DataQ_100.png Graphic fil
e (type png)
<use graphes/performances/perfs_ModelOnGeneratedData_DataQ_100.png>
Package pdftex.def Info: graphes/performances/perfs_ModelOnGeneratedData_DataQ_
100.png  used on input line 366.
(pdftex.def)             Requested size: 217.6621pt x 174.12863pt.
<graphes/performances/perfs_ModelOnGeneratedData_DataQ_90.png, id=75, 722.7pt x
 578.16pt>
File: graphes/performances/perfs_ModelOnGeneratedData_DataQ_90.png Graphic file
 (type png)
<use graphes/performances/perfs_ModelOnGeneratedData_DataQ_90.png>
Package pdftex.def Info: graphes/performances/perfs_ModelOnGeneratedData_DataQ_
90.png  used on input line 367.
(pdftex.def)             Requested size: 217.6621pt x 174.12863pt.
<graphes/performances/perfs_ModelOnGeneratedData_DataQ_80.png, id=76, 722.7pt x
 578.16pt>
File: graphes/performances/perfs_ModelOnGeneratedData_DataQ_80.png Graphic file
 (type png)
<use graphes/performances/perfs_ModelOnGeneratedData_DataQ_80.png>
Package pdftex.def Info: graphes/performances/perfs_ModelOnGeneratedData_DataQ_
80.png  used on input line 368.
(pdftex.def)             Requested size: 217.6621pt x 174.12863pt.
<graphes/performances/perfs_ModelOnGeneratedData_DataQ_70.png, id=77, 722.7pt x
 578.16pt>
File: graphes/performances/perfs_ModelOnGeneratedData_DataQ_70.png Graphic file
 (type png)
<use graphes/performances/perfs_ModelOnGeneratedData_DataQ_70.png>
Package pdftex.def Info: graphes/performances/perfs_ModelOnGeneratedData_DataQ_
70.png  used on input line 369.
(pdftex.def)             Requested size: 217.6621pt x 174.12863pt.
[8] [9 <./graphes/performances/perfs_ModelOnGeneratedData_DataQ_100.png> <./gra
phes/performances/perfs_ModelOnGeneratedData_DataQ_90.png> <./graphes/performan
ces/perfs_ModelOnGeneratedData_DataQ_80.png> <./graphes/performances/perfs_Mode
lOnGeneratedData_DataQ_70.png>]
File: graphes/CourbeHubbert.png Graphic file (type png)
<use graphes/CourbeHubbert.png>
Package pdftex.def Info: graphes/CourbeHubbert.png  used on input line 384.
(pdftex.def)             Requested size: 193.47577pt x 154.78198pt.
File: graphes/CourbeHubbert.png Graphic file (type png)
<use graphes/CourbeHubbert.png>
Package pdftex.def Info: graphes/CourbeHubbert.png  used on input line 395.
(pdftex.def)             Requested size: 193.47577pt x 154.78198pt.

Underfull \hbox (badness 10000) in paragraph at lines 405--407

 []

[10]
Underfull \hbox (badness 10000) in paragraph at lines 421--422

 []

<graphes/Pays/NOR2022-04-26.png, id=92, 462.528pt x 346.896pt>
File: graphes/Pays/NOR2022-04-26.png Graphic file (type png)
<use graphes/Pays/NOR2022-04-26.png>
Package pdftex.def Info: graphes/Pays/NOR2022-04-26.png  used on input line 425
.
(pdftex.def)             Requested size: 217.6621pt x 163.24757pt.
<graphes/Pays/SVN2022-04-26.png, id=93, 462.528pt x 346.896pt>
File: graphes/Pays/SVN2022-04-26.png Graphic file (type png)
<use graphes/Pays/SVN2022-04-26.png>
Package pdftex.def Info: graphes/Pays/SVN2022-04-26.png  used on input line 426
.
(pdftex.def)             Requested size: 217.6621pt x 163.24757pt.

Underfull \hbox (badness 10000) in paragraph at lines 431--432

 []

<graphes/Pays/MEX2022-04-26.png, id=94, 462.528pt x 346.896pt>
File: graphes/Pays/MEX2022-04-26.png Graphic file (type png)
<use graphes/Pays/MEX2022-04-26.png>
Package pdftex.def Info: graphes/Pays/MEX2022-04-26.png  used on input line 435
.
(pdftex.def)             Requested size: 217.6621pt x 163.24757pt.
<graphes/Pays/BHR2022-04-26.png, id=95, 462.528pt x 346.896pt>
File: graphes/Pays/BHR2022-04-26.png Graphic file (type png)
<use graphes/Pays/BHR2022-04-26.png>
Package pdftex.def Info: graphes/Pays/BHR2022-04-26.png  used on input line 436
.
(pdftex.def)             Requested size: 217.6621pt x 163.24757pt.
[11 <./graphes/Pays/NOR2022-04-26.png> <./graphes/Pays/SVN2022-04-26.png> <./gr
aphes/Pays/MEX2022-04-26.png> <./graphes/Pays/BHR2022-04-26.png>]
<graphes/Pays/ALB2022-04-26.png, id=103, 462.528pt x 346.896pt>
File: graphes/Pays/ALB2022-04-26.png Graphic file (type png)
<use graphes/Pays/ALB2022-04-26.png>
Package pdftex.def Info: graphes/Pays/ALB2022-04-26.png  used on input line 447
.
(pdftex.def)             Requested size: 217.6621pt x 163.24757pt.
<graphes/Pays/AUS2022-04-26.png, id=104, 462.528pt x 346.896pt>
File: graphes/Pays/AUS2022-04-26.png Graphic file (type png)
<use graphes/Pays/AUS2022-04-26.png>
Package pdftex.def Info: graphes/Pays/AUS2022-04-26.png  used on input line 448
.
(pdftex.def)             Requested size: 217.6621pt x 163.24757pt.
<graphes/Pays/OECD2022-04-26.png, id=105, 462.528pt x 346.896pt>
File: graphes/Pays/OECD2022-04-26.png Graphic file (type png)
<use graphes/Pays/OECD2022-04-26.png>
Package pdftex.def Info: graphes/Pays/OECD2022-04-26.png  used on input line 45
8.
(pdftex.def)             Requested size: 338.5863pt x 253.95184pt.

Underfull \hbox (badness 10000) in paragraph at lines 472--473

 []

[12 <./graphes/Pays/ALB2022-04-26.png> <./graphes/Pays/AUS2022-04-26.png> <./gr
aphes/Pays/OECD2022-04-26.png>]
<graphes/Pays/previsions/prev5_DNK2022-04-27.png, id=112, 462.528pt x 346.896pt
>
File: graphes/Pays/previsions/prev5_DNK2022-04-27.png Graphic file (type png)
<use graphes/Pays/previsions/prev5_DNK2022-04-27.png>
Package pdftex.def Info: graphes/Pays/previsions/prev5_DNK2022-04-27.png  used 
on input line 477.
(pdftex.def)             Requested size: 217.6621pt x 163.24757pt.
<graphes/Pays/previsions/prev10_DNK2022-04-27.png, id=113, 462.528pt x 346.896p
t>
File: graphes/Pays/previsions/prev10_DNK2022-04-27.png Graphic file (type png)
<use graphes/Pays/previsions/prev10_DNK2022-04-27.png>
Package pdftex.def Info: graphes/Pays/previsions/prev10_DNK2022-04-27.png  used
 on input line 478.
(pdftex.def)             Requested size: 217.6621pt x 163.24757pt.
<graphes/Pays/previsions/prev15_DNK2022-04-27.png, id=114, 462.528pt x 346.896p
t>
File: graphes/Pays/previsions/prev15_DNK2022-04-27.png Graphic file (type png)
<use graphes/Pays/previsions/prev15_DNK2022-04-27.png>
Package pdftex.def Info: graphes/Pays/previsions/prev15_DNK2022-04-27.png  used
 on input line 479.
(pdftex.def)             Requested size: 217.6621pt x 163.24757pt.
<graphes/Pays/previsions/prev20_DNK2022-04-27.png, id=115, 462.528pt x 346.896p
t>
File: graphes/Pays/previsions/prev20_DNK2022-04-27.png Graphic file (type png)
<use graphes/Pays/previsions/prev20_DNK2022-04-27.png>
Package pdftex.def Info: graphes/Pays/previsions/prev20_DNK2022-04-27.png  used
 on input line 480.
(pdftex.def)             Requested size: 217.6621pt x 163.24757pt.

Overfull \hbox (3.19278pt too wide) in paragraph at lines 484--485
[]$[]$ \OT1/cmr/m/n/10 On re-mar-que que l'algorithme ne con-verge pas en de^^X
c^^Ra d'une cer-taine quan-tit^^Se de donn^^Sees (ici, l'algorithme
 []

[13 <./graphes/Pays/previsions/prev5_DNK2022-04-27.png> <./graphes/Pays/previsi
ons/prev10_DNK2022-04-27.png> <./graphes/Pays/previsions/prev15_DNK2022-04-27.p
ng> <./graphes/Pays/previsions/prev20_DNK2022-04-27.png>] [14] (./rapport.aux)

LaTeX Font Warning: Size substitutions with differences
(Font)              up to 4.5pt have occurred.


LaTeX Warning: There were multiply-defined labels.

 ) 
Here is how much of TeX's memory you used:
 4091 strings out of 478233
 69108 string characters out of 5847836
 454087 words of memory out of 5000000
 22251 multiletter control sequences out of 15000+600000
 483244 words of font info for 81 fonts, out of 8000000 for 9000
 1141 hyphenation exceptions out of 8191
 72i,10n,77p,694b,303s stack positions out of 10000i,1000n,20000p,200000b,200000s
{c:/texlive/2022/texmf-dist/fonts/enc/dvips/cm-super/cm-super-ts1.enc}<c:/tex
live/2022/texmf-dist/fonts/type1/public/amsfonts/cm/cmbsy10.pfb><c:/texlive/202
2/texmf-dist/fonts/type1/public/amsfonts/cm/cmbx10.pfb><c:/texlive/2022/texmf-d
ist/fonts/type1/public/amsfonts/cm/cmbx12.pfb><c:/texlive/2022/texmf-dist/fonts
/type1/public/amsfonts/cm/cmbxti10.pfb><c:/texlive/2022/texmf-dist/fonts/type1/
public/amsfonts/cm/cmex10.pfb><c:/texlive/2022/texmf-dist/fonts/type1/public/am
sfonts/cm/cmmi10.pfb><c:/texlive/2022/texmf-dist/fonts/type1/public/amsfonts/cm
/cmmi12.pfb><c:/texlive/2022/texmf-dist/fonts/type1/public/amsfonts/cm/cmmi5.pf
b><c:/texlive/2022/texmf-dist/fonts/type1/public/amsfonts/cm/cmmi6.pfb><c:/texl
ive/2022/texmf-dist/fonts/type1/public/amsfonts/cm/cmmi7.pfb><c:/texlive/2022/t
exmf-dist/fonts/type1/public/amsfonts/cm/cmmi8.pfb><c:/texlive/2022/texmf-dist/
fonts/type1/public/amsfonts/cm/cmmib10.pfb><c:/texlive/2022/texmf-dist/fonts/ty
pe1/public/amsfonts/cm/cmr10.pfb><c:/texlive/2022/texmf-dist/fonts/type1/public
/amsfonts/cm/cmr12.pfb><c:/texlive/2022/texmf-dist/fonts/type1/public/amsfonts/
cm/cmr17.pfb><c:/texlive/2022/texmf-dist/fonts/type1/public/amsfonts/cm/cmr5.pf
b><c:/texlive/2022/texmf-dist/fonts/type1/public/amsfonts/cm/cmr6.pfb><c:/texli
ve/2022/texmf-dist/fonts/type1/public/amsfonts/cm/cmr7.pfb><c:/texlive/2022/tex
mf-dist/fonts/type1/public/amsfonts/cm/cmr8.pfb><c:/texlive/2022/texmf-dist/fon
ts/type1/public/amsfonts/cm/cmsy10.pfb><c:/texlive/2022/texmf-dist/fonts/type1/
public/amsfonts/cm/cmsy5.pfb><c:/texlive/2022/texmf-dist/fonts/type1/public/ams
fonts/cm/cmsy6.pfb><c:/texlive/2022/texmf-dist/fonts/type1/public/amsfonts/cm/c
msy7.pfb><c:/texlive/2022/texmf-dist/fonts/type1/public/amsfonts/cm/cmsy8.pfb><
c:/texlive/2022/texmf-dist/fonts/type1/public/amsfonts/cm/cmti10.pfb><c:/texliv
e/2022/texmf-dist/fonts/type1/public/amsfonts/symbols/msbm10.pfb><c:/texlive/20
22/texmf-dist/fonts/type1/public/cm-super/sfrm1000.pfb>
Output written on rapport.pdf (14 pages, 967021 bytes).
PDF statistics:
 240 PDF objects out of 1000 (max. 8388607)
 116 compressed objects within 2 object streams
 0 named destinations out of 1000 (max. 500000)
 131 words of extra memory for PDF output out of 10000 (max. 10000000)

